Connected to MongoDB
Starting API service on port 5001...
 * Serving Flask app 'api'
 * Debug mode: off
WARNING: This is a development server. Do not use it in a production deployment. Use a production WSGI server instead.
 * Running on all addresses (0.0.0.0)
 * Running on http://127.0.0.1:5001
 * Running on http://192.168.236.11:5001
Press CTRL+C to quit
127.0.0.1 - - [06/Apr/2025 14:51:11] "GET /health HTTP/1.1" 200 -
Error in AI breakdown: Expecting value: line 1 column 1 (char 0)
Traceback (most recent call last):
  File "D:\FATHERSADVICE_VRAJ\api.py", line 76, in get_subject_breakdown
    breakdown = json.loads(cleaned_text)
                ^^^^^^^^^^^^^^^^^^^^^^^^
  File "C:\Users\SOUNAK BERA\AppData\Local\Programs\Python\Python312\Lib\json\__init__.py", line 346, in loads
    return _default_decoder.decode(s)
           ^^^^^^^^^^^^^^^^^^^^^^^^^^
  File "C:\Users\SOUNAK BERA\AppData\Local\Programs\Python\Python312\Lib\json\decoder.py", line 338, in decode
    obj, end = self.raw_decode(s, idx=_w(s, 0).end())
               ^^^^^^^^^^^^^^^^^^^^^^^^^^^^^^^^^^^^^^
  File "C:\Users\SOUNAK BERA\AppData\Local\Programs\Python\Python312\Lib\json\decoder.py", line 356, in raw_decode
    raise JSONDecodeError("Expecting value", s, err.value) from None
json.decoder.JSONDecodeError: Expecting value: line 1 column 1 (char 0)

127.0.0.1 - - [06/Apr/2025 14:53:28] "POST /submit_doubt HTTP/1.1" 200 -
